2025-04-20 00:53:35,824 [INFO ] [MainThread] Логирование настроено в файл: C:\Users\Gream\Desktop\PythonProject\market_helper.log
2025-04-20 00:53:35,824 [INFO ] [MainThread] ==================================================
2025-04-20 00:53:35,824 [INFO ] [MainThread] Логика приложения инициализируется...
2025-04-20 00:53:35,824 [INFO ] [MainThread] Base dir: C:\Users\Gream\Desktop\PythonProject
2025-04-20 00:53:35,824 [INFO ] [MainThread] Template folder: C:\Users\Gream\Desktop\PythonProject\item_templates
2025-04-20 00:53:35,824 [INFO ] [MainThread] Item data file: C:\Users\Gream\Desktop\PythonProject\market_items.json
2025-04-20 00:53:35,824 [INFO ] [MainThread] Log file: C:\Users\Gream\Desktop\PythonProject\market_helper.log
2025-04-20 00:53:35,825 [INFO ] [MainThread] Debug Save Price ROI: True
2025-04-20 00:53:35,825 [INFO ] [MainThread] Debug Price ROI Path: C:\Users\Gream\Desktop\PythonProject\_debug_price_roi.png
2025-04-20 00:53:35,825 [INFO ] [MainThread] PyQt Available: True
2025-04-20 00:53:35,825 [INFO ] [MainThread] Transliterate Available: True
2025-04-20 00:53:35,825 [INFO ] [MainThread] ==================================================
2025-04-20 00:53:35,845 [INFO ] [MainThread] Инициализация BotLogic...
2025-04-20 00:53:35,845 [INFO ] [MainThread] --- Инициализация основных ресурсов ---
2025-04-20 00:53:35,846 [INFO ] [MainThread] MSS инициализирован.
2025-04-20 00:53:35,846 [INFO ] [MainThread] Попытка инициализации EasyOCR с языками: ['en', 'ru'], gpu=False
2025-04-20 00:53:37,969 [INFO ] [MainThread] EasyOCR инициализирован.
2025-04-20 00:53:37,969 [INFO ] [MainThread] Прогрев OCR...
2025-04-20 00:53:38,102 [INFO ] [MainThread] Прогрев OCR завершен успешно.
2025-04-20 00:53:38,102 [INFO ] [MainThread] --- Все необходимые ресурсы успешно инициализированы ---
2025-04-20 00:53:38,102 [INFO ] [MainThread] Загрузка данных о товарах из файла: C:\Users\Gream\Desktop\PythonProject\market_items.json
2025-04-20 00:53:38,103 [INFO ] [MainThread] Успешно загружены данные для 2 товаров из 'market_items.json'.
2025-04-20 00:53:38,103 [INFO ] [MainThread] --- Настройка глобальных горячих клавиш ---
2025-04-20 00:53:38,225 [INFO ] [MainThread] Глобальный хоткей '-' [Добавить товар] зарегистрирован.
2025-04-20 00:53:38,226 [INFO ] [MainThread] Глобальный хоткей '*' [Стоп поиск] зарегистрирован.
2025-04-20 00:53:38,226 [WARNI] [MainThread] !!! Глобальные хоткеи могут требовать прав администратора для работы вне окна приложения !!!
2025-04-20 00:53:38,226 [INFO ] [MainThread] Инициализация BotLogic завершена успешно.
2025-04-20 00:53:49,610 [INFO ] [MainThread] --- Запрос на запуск мониторинга ---
2025-04-20 00:53:49,610 [INFO ] [MainThread] Фильтрация и валидация товаров для Worker'а...
2025-04-20 00:53:49,610 [INFO ] [MainThread] Фильтрация завершена. Найдено 2 валидных товаров для передачи Worker'у.
2025-04-20 00:53:49,610 [INFO ] [MainThread] Создание нового Worker и QThread для мониторинга...
2025-04-20 00:53:49,611 [INFO ] [MainThread] Инициализация Worker...
2025-04-20 00:53:49,612 [INFO ] [MainThread] [Worker] Загрузка шаблонов...
2025-04-20 00:53:49,613 [INFO ] [MainThread] [Worker] Загрузка шаблонов завершена. Обрабатывается 2 валидных товаров.
2025-04-20 00:53:49,613 [INFO ] [MainThread] [Worker] Worker инициализирован с 2 товарами.
2025-04-20 00:53:49,613 [INFO ] [MainThread] Worker ID '1507242007184' создан.
2025-04-20 00:53:49,613 [INFO ] [MainThread] Worker перемещен в поток 'MonitoringWorkerThread'.
2025-04-20 00:53:49,613 [INFO ] [MainThread] Соединения сигналов Worker -> BotLogic установлены.
2025-04-20 00:53:49,613 [INFO ] [MainThread] Сигналы Worker <-> BotLogic соединены.
2025-04-20 00:53:49,613 [INFO ] [MainThread] >>> Запуск поиска для 2 товаров...
2025-04-20 00:53:49,614 [INFO ] [MainThread] Поток 'MonitoringWorkerThread' запущен.
2025-04-20 00:53:49,614 [INFO ] [WorkerThread_1507242007184] [WorkerThread_1507242007184] >>> Worker запущен. Начало основного цикла поиска.
2025-04-20 00:53:49,615 [INFO ] [WorkerThread_1507242007184] [WorkerThread_1507242007184] MSS инициализирован для Worker'а.
2025-04-20 00:53:49,615 [INFO ] [WorkerThread_1507242007184] [Worker] Определение области сканирования...
2025-04-20 00:53:49,615 [INFO ] [WorkerThread_1507242007184] [Worker] Используется SCAN_AREA из констант: {'left': 609, 'top': 210, 'width': 1679, 'height': 1024}
2025-04-20 00:53:49,615 [INFO ] [WorkerThread_1507242007184] [WorkerThread_1507242007184] Основной цикл поиска запущен.
2025-04-20 00:53:49,708 [INFO ] [WorkerThread_1507242007184] [WorkerThread_1507242007184] Шаблон 'Малая сумка' найден с уверенностью 1.00 на (1027, 430).
2025-04-20 00:53:49,708 [INFO ] [WorkerThread_1507242007184] [WorkerThread_1507242007184] [Цена 'Малая сумка'] Debug ПОИСКОВАЯ область рассчитана: Глобальные (1786,640), Размер (200x40).
2025-04-20 00:53:49,709 [INFO ] [WorkerThread_1507242007184] [WorkerThread_1507242007184] [Цена 'Малая сумка'] Debug ПОИСКОВАЯ область сохранена: C:\Users\Gream\Desktop\PythonProject\_debug_price_roi.png
2025-04-20 00:53:49,709 [INFO ] [WorkerThread_1507242007184] [WorkerThread_1507242007184] Запуск OCR на области ПОИСКА цены (200x40px, detail=1)...
2025-04-20 00:53:49,814 [INFO ] [WorkerThread_1507242007184] [WorkerThread_1507242007184] OCR области ПОИСКА завершен. Результатов: 1
2025-04-20 00:53:49,815 [WARNI] [WorkerThread_1507242007184] [WorkerThread_1507242007184] Не найдено блоков, похожих на цену и соответствующих положению, в области поиска для 'Малая сумка'.
2025-04-20 00:53:49,815 [WARNI] [WorkerThread_1507242007184] [WorkerThread_1507242007184] Не удалось найти/распознать валидную цену для 'Малая сумка'. Действие не выполнено.
2025-04-20 00:53:50,005 [INFO ] [WorkerThread_1507242007184] [WorkerThread_1507242007184] Шаблон 'Малая сумка' найден с уверенностью 1.00 на (1027, 430).
2025-04-20 00:53:50,006 [INFO ] [WorkerThread_1507242007184] [WorkerThread_1507242007184] [Цена 'Малая сумка'] Debug ПОИСКОВАЯ область рассчитана: Глобальные (1786,640), Размер (200x40).
2025-04-20 00:53:50,006 [INFO ] [WorkerThread_1507242007184] [WorkerThread_1507242007184] [Цена 'Малая сумка'] Debug ПОИСКОВАЯ область сохранена: C:\Users\Gream\Desktop\PythonProject\_debug_price_roi.png
2025-04-20 00:53:50,006 [INFO ] [WorkerThread_1507242007184] [WorkerThread_1507242007184] Запуск OCR на области ПОИСКА цены (200x40px, detail=1)...
2025-04-20 00:53:50,096 [INFO ] [WorkerThread_1507242007184] [WorkerThread_1507242007184] OCR области ПОИСКА завершен. Результатов: 1
2025-04-20 00:53:50,097 [WARNI] [WorkerThread_1507242007184] [WorkerThread_1507242007184] Не найдено блоков, похожих на цену и соответствующих положению, в области поиска для 'Малая сумка'.
2025-04-20 00:53:50,097 [WARNI] [WorkerThread_1507242007184] [WorkerThread_1507242007184] Не удалось найти/распознать валидную цену для 'Малая сумка'. Действие не выполнено.
2025-04-20 00:53:50,286 [INFO ] [WorkerThread_1507242007184] [WorkerThread_1507242007184] Шаблон 'Малая сумка' найден с уверенностью 1.00 на (1027, 430).
2025-04-20 00:53:50,287 [INFO ] [WorkerThread_1507242007184] [WorkerThread_1507242007184] [Цена 'Малая сумка'] Debug ПОИСКОВАЯ область рассчитана: Глобальные (1786,640), Размер (200x40).
2025-04-20 00:53:50,287 [INFO ] [WorkerThread_1507242007184] [WorkerThread_1507242007184] [Цена 'Малая сумка'] Debug ПОИСКОВАЯ область сохранена: C:\Users\Gream\Desktop\PythonProject\_debug_price_roi.png
2025-04-20 00:53:50,287 [INFO ] [WorkerThread_1507242007184] [WorkerThread_1507242007184] Запуск OCR на области ПОИСКА цены (200x40px, detail=1)...
2025-04-20 00:53:50,378 [INFO ] [WorkerThread_1507242007184] [WorkerThread_1507242007184] OCR области ПОИСКА завершен. Результатов: 1
2025-04-20 00:53:50,378 [WARNI] [WorkerThread_1507242007184] [WorkerThread_1507242007184] Не найдено блоков, похожих на цену и соответствующих положению, в области поиска для 'Малая сумка'.
2025-04-20 00:53:50,378 [WARNI] [WorkerThread_1507242007184] [WorkerThread_1507242007184] Не удалось найти/распознать валидную цену для 'Малая сумка'. Действие не выполнено.
2025-04-20 00:53:50,563 [INFO ] [WorkerThread_1507242007184] [WorkerThread_1507242007184] Шаблон 'Малая сумка' найден с уверенностью 1.00 на (1027, 430).
2025-04-20 00:53:50,563 [INFO ] [WorkerThread_1507242007184] [WorkerThread_1507242007184] [Цена 'Малая сумка'] Debug ПОИСКОВАЯ область рассчитана: Глобальные (1786,640), Размер (200x40).
2025-04-20 00:53:50,564 [INFO ] [WorkerThread_1507242007184] [WorkerThread_1507242007184] [Цена 'Малая сумка'] Debug ПОИСКОВАЯ область сохранена: C:\Users\Gream\Desktop\PythonProject\_debug_price_roi.png
2025-04-20 00:53:50,564 [INFO ] [WorkerThread_1507242007184] [WorkerThread_1507242007184] Запуск OCR на области ПОИСКА цены (200x40px, detail=1)...
2025-04-20 00:53:50,658 [INFO ] [WorkerThread_1507242007184] [WorkerThread_1507242007184] OCR области ПОИСКА завершен. Результатов: 1
2025-04-20 00:53:50,658 [WARNI] [WorkerThread_1507242007184] [WorkerThread_1507242007184] Не найдено блоков, похожих на цену и соответствующих положению, в области поиска для 'Малая сумка'.
2025-04-20 00:53:50,658 [WARNI] [WorkerThread_1507242007184] [WorkerThread_1507242007184] Не удалось найти/распознать валидную цену для 'Малая сумка'. Действие не выполнено.
2025-04-20 00:53:50,859 [INFO ] [WorkerThread_1507242007184] [WorkerThread_1507242007184] Шаблон 'Малая сумка' найден с уверенностью 1.00 на (1027, 430).
2025-04-20 00:53:50,860 [INFO ] [WorkerThread_1507242007184] [WorkerThread_1507242007184] [Цена 'Малая сумка'] Debug ПОИСКОВАЯ область рассчитана: Глобальные (1786,640), Размер (200x40).
2025-04-20 00:53:50,861 [INFO ] [WorkerThread_1507242007184] [WorkerThread_1507242007184] [Цена 'Малая сумка'] Debug ПОИСКОВАЯ область сохранена: C:\Users\Gream\Desktop\PythonProject\_debug_price_roi.png
2025-04-20 00:53:50,861 [INFO ] [WorkerThread_1507242007184] [WorkerThread_1507242007184] Запуск OCR на области ПОИСКА цены (200x40px, detail=1)...
2025-04-20 00:53:50,954 [INFO ] [WorkerThread_1507242007184] [WorkerThread_1507242007184] OCR области ПОИСКА завершен. Результатов: 1
2025-04-20 00:53:50,954 [WARNI] [WorkerThread_1507242007184] [WorkerThread_1507242007184] Не найдено блоков, похожих на цену и соответствующих положению, в области поиска для 'Малая сумка'.
2025-04-20 00:53:50,954 [WARNI] [WorkerThread_1507242007184] [WorkerThread_1507242007184] Не удалось найти/распознать валидную цену для 'Малая сумка'. Действие не выполнено.
2025-04-20 00:53:51,134 [INFO ] [WorkerThread_1507242007184] [WorkerThread_1507242007184] Шаблон 'Малая сумка' найден с уверенностью 1.00 на (1027, 430).
2025-04-20 00:53:51,134 [INFO ] [WorkerThread_1507242007184] [WorkerThread_1507242007184] [Цена 'Малая сумка'] Debug ПОИСКОВАЯ область рассчитана: Глобальные (1786,640), Размер (200x40).
2025-04-20 00:53:51,135 [INFO ] [WorkerThread_1507242007184] [WorkerThread_1507242007184] [Цена 'Малая сумка'] Debug ПОИСКОВАЯ область сохранена: C:\Users\Gream\Desktop\PythonProject\_debug_price_roi.png
2025-04-20 00:53:51,135 [INFO ] [WorkerThread_1507242007184] [WorkerThread_1507242007184] Запуск OCR на области ПОИСКА цены (200x40px, detail=1)...
2025-04-20 00:53:51,225 [INFO ] [WorkerThread_1507242007184] [WorkerThread_1507242007184] OCR области ПОИСКА завершен. Результатов: 1
2025-04-20 00:53:51,225 [WARNI] [WorkerThread_1507242007184] [WorkerThread_1507242007184] Не найдено блоков, похожих на цену и соответствующих положению, в области поиска для 'Малая сумка'.
2025-04-20 00:53:51,225 [WARNI] [WorkerThread_1507242007184] [WorkerThread_1507242007184] Не удалось найти/распознать валидную цену для 'Малая сумка'. Действие не выполнено.
2025-04-20 00:53:51,416 [INFO ] [WorkerThread_1507242007184] [WorkerThread_1507242007184] Шаблон 'Малая сумка' найден с уверенностью 1.00 на (1027, 430).
2025-04-20 00:53:51,416 [INFO ] [WorkerThread_1507242007184] [WorkerThread_1507242007184] [Цена 'Малая сумка'] Debug ПОИСКОВАЯ область рассчитана: Глобальные (1786,640), Размер (200x40).
2025-04-20 00:53:51,417 [INFO ] [WorkerThread_1507242007184] [WorkerThread_1507242007184] [Цена 'Малая сумка'] Debug ПОИСКОВАЯ область сохранена: C:\Users\Gream\Desktop\PythonProject\_debug_price_roi.png
2025-04-20 00:53:51,417 [INFO ] [WorkerThread_1507242007184] [WorkerThread_1507242007184] Запуск OCR на области ПОИСКА цены (200x40px, detail=1)...
2025-04-20 00:53:51,509 [INFO ] [WorkerThread_1507242007184] [WorkerThread_1507242007184] OCR области ПОИСКА завершен. Результатов: 1
2025-04-20 00:53:51,509 [WARNI] [WorkerThread_1507242007184] [WorkerThread_1507242007184] Не найдено блоков, похожих на цену и соответствующих положению, в области поиска для 'Малая сумка'.
2025-04-20 00:53:51,509 [WARNI] [WorkerThread_1507242007184] [WorkerThread_1507242007184] Не удалось найти/распознать валидную цену для 'Малая сумка'. Действие не выполнено.
2025-04-20 00:53:51,706 [INFO ] [WorkerThread_1507242007184] [WorkerThread_1507242007184] Шаблон 'Малая сумка' найден с уверенностью 1.00 на (1027, 430).
2025-04-20 00:53:51,707 [INFO ] [WorkerThread_1507242007184] [WorkerThread_1507242007184] [Цена 'Малая сумка'] Debug ПОИСКОВАЯ область рассчитана: Глобальные (1786,640), Размер (200x40).
2025-04-20 00:53:51,707 [INFO ] [WorkerThread_1507242007184] [WorkerThread_1507242007184] [Цена 'Малая сумка'] Debug ПОИСКОВАЯ область сохранена: C:\Users\Gream\Desktop\PythonProject\_debug_price_roi.png
2025-04-20 00:53:51,707 [INFO ] [WorkerThread_1507242007184] [WorkerThread_1507242007184] Запуск OCR на области ПОИСКА цены (200x40px, detail=1)...
2025-04-20 00:53:51,800 [INFO ] [WorkerThread_1507242007184] [WorkerThread_1507242007184] OCR области ПОИСКА завершен. Результатов: 1
2025-04-20 00:53:51,800 [WARNI] [WorkerThread_1507242007184] [WorkerThread_1507242007184] Не найдено блоков, похожих на цену и соответствующих положению, в области поиска для 'Малая сумка'.
2025-04-20 00:53:51,800 [WARNI] [WorkerThread_1507242007184] [WorkerThread_1507242007184] Не удалось найти/распознать валидную цену для 'Малая сумка'. Действие не выполнено.
2025-04-20 00:53:52,003 [INFO ] [WorkerThread_1507242007184] [WorkerThread_1507242007184] Шаблон 'Малая сумка' найден с уверенностью 1.00 на (1027, 430).
2025-04-20 00:53:52,003 [INFO ] [WorkerThread_1507242007184] [WorkerThread_1507242007184] [Цена 'Малая сумка'] Debug ПОИСКОВАЯ область рассчитана: Глобальные (1786,640), Размер (200x40).
2025-04-20 00:53:52,004 [INFO ] [WorkerThread_1507242007184] [WorkerThread_1507242007184] [Цена 'Малая сумка'] Debug ПОИСКОВАЯ область сохранена: C:\Users\Gream\Desktop\PythonProject\_debug_price_roi.png
2025-04-20 00:53:52,004 [INFO ] [WorkerThread_1507242007184] [WorkerThread_1507242007184] Запуск OCR на области ПОИСКА цены (200x40px, detail=1)...
2025-04-20 00:53:52,094 [INFO ] [WorkerThread_1507242007184] [WorkerThread_1507242007184] OCR области ПОИСКА завершен. Результатов: 1
2025-04-20 00:53:52,094 [WARNI] [WorkerThread_1507242007184] [WorkerThread_1507242007184] Не найдено блоков, похожих на цену и соответствующих положению, в области поиска для 'Малая сумка'.
2025-04-20 00:53:52,094 [WARNI] [WorkerThread_1507242007184] [WorkerThread_1507242007184] Не удалось найти/распознать валидную цену для 'Малая сумка'. Действие не выполнено.
2025-04-20 00:53:52,289 [INFO ] [WorkerThread_1507242007184] [WorkerThread_1507242007184] Шаблон 'Малая сумка' найден с уверенностью 1.00 на (1027, 430).
2025-04-20 00:53:52,289 [INFO ] [WorkerThread_1507242007184] [WorkerThread_1507242007184] [Цена 'Малая сумка'] Debug ПОИСКОВАЯ область рассчитана: Глобальные (1786,640), Размер (200x40).
2025-04-20 00:53:52,289 [INFO ] [WorkerThread_1507242007184] [WorkerThread_1507242007184] [Цена 'Малая сумка'] Debug ПОИСКОВАЯ область сохранена: C:\Users\Gream\Desktop\PythonProject\_debug_price_roi.png
2025-04-20 00:53:52,289 [INFO ] [WorkerThread_1507242007184] [WorkerThread_1507242007184] Запуск OCR на области ПОИСКА цены (200x40px, detail=1)...
2025-04-20 00:53:52,400 [INFO ] [WorkerThread_1507242007184] [WorkerThread_1507242007184] OCR области ПОИСКА завершен. Результатов: 1
2025-04-20 00:53:52,400 [WARNI] [WorkerThread_1507242007184] [WorkerThread_1507242007184] Не найдено блоков, похожих на цену и соответствующих положению, в области поиска для 'Малая сумка'.
2025-04-20 00:53:52,400 [WARNI] [WorkerThread_1507242007184] [WorkerThread_1507242007184] Не удалось найти/распознать валидную цену для 'Малая сумка'. Действие не выполнено.
2025-04-20 00:53:52,601 [INFO ] [WorkerThread_1507242007184] [WorkerThread_1507242007184] Шаблон 'Малая сумка' найден с уверенностью 1.00 на (1027, 430).
2025-04-20 00:53:52,601 [INFO ] [WorkerThread_1507242007184] [WorkerThread_1507242007184] [Цена 'Малая сумка'] Debug ПОИСКОВАЯ область рассчитана: Глобальные (1786,640), Размер (200x40).
2025-04-20 00:53:52,601 [INFO ] [WorkerThread_1507242007184] [WorkerThread_1507242007184] [Цена 'Малая сумка'] Debug ПОИСКОВАЯ область сохранена: C:\Users\Gream\Desktop\PythonProject\_debug_price_roi.png
2025-04-20 00:53:52,601 [INFO ] [WorkerThread_1507242007184] [WorkerThread_1507242007184] Запуск OCR на области ПОИСКА цены (200x40px, detail=1)...
2025-04-20 00:53:52,691 [INFO ] [WorkerThread_1507242007184] [WorkerThread_1507242007184] OCR области ПОИСКА завершен. Результатов: 1
2025-04-20 00:53:52,692 [WARNI] [WorkerThread_1507242007184] [WorkerThread_1507242007184] Не найдено блоков, похожих на цену и соответствующих положению, в области поиска для 'Малая сумка'.
2025-04-20 00:53:52,692 [WARNI] [WorkerThread_1507242007184] [WorkerThread_1507242007184] Не удалось найти/распознать валидную цену для 'Малая сумка'. Действие не выполнено.
2025-04-20 00:53:52,883 [INFO ] [WorkerThread_1507242007184] [WorkerThread_1507242007184] Шаблон 'Малая сумка' найден с уверенностью 1.00 на (1027, 430).
2025-04-20 00:53:52,884 [INFO ] [WorkerThread_1507242007184] [WorkerThread_1507242007184] [Цена 'Малая сумка'] Debug ПОИСКОВАЯ область рассчитана: Глобальные (1786,640), Размер (200x40).
2025-04-20 00:53:52,884 [INFO ] [WorkerThread_1507242007184] [WorkerThread_1507242007184] [Цена 'Малая сумка'] Debug ПОИСКОВАЯ область сохранена: C:\Users\Gream\Desktop\PythonProject\_debug_price_roi.png
2025-04-20 00:53:52,884 [INFO ] [WorkerThread_1507242007184] [WorkerThread_1507242007184] Запуск OCR на области ПОИСКА цены (200x40px, detail=1)...
2025-04-20 00:53:52,980 [INFO ] [WorkerThread_1507242007184] [WorkerThread_1507242007184] OCR области ПОИСКА завершен. Результатов: 1
2025-04-20 00:53:52,980 [WARNI] [WorkerThread_1507242007184] [WorkerThread_1507242007184] Не найдено блоков, похожих на цену и соответствующих положению, в области поиска для 'Малая сумка'.
2025-04-20 00:53:52,980 [WARNI] [WorkerThread_1507242007184] [WorkerThread_1507242007184] Не удалось найти/распознать валидную цену для 'Малая сумка'. Действие не выполнено.
2025-04-20 00:53:53,190 [INFO ] [WorkerThread_1507242007184] [WorkerThread_1507242007184] Шаблон 'Малая сумка' найден с уверенностью 1.00 на (1027, 430).
2025-04-20 00:53:53,191 [INFO ] [WorkerThread_1507242007184] [WorkerThread_1507242007184] [Цена 'Малая сумка'] Debug ПОИСКОВАЯ область рассчитана: Глобальные (1786,640), Размер (200x40).
2025-04-20 00:53:53,191 [INFO ] [WorkerThread_1507242007184] [WorkerThread_1507242007184] [Цена 'Малая сумка'] Debug ПОИСКОВАЯ область сохранена: C:\Users\Gream\Desktop\PythonProject\_debug_price_roi.png
2025-04-20 00:53:53,191 [INFO ] [WorkerThread_1507242007184] [WorkerThread_1507242007184] Запуск OCR на области ПОИСКА цены (200x40px, detail=1)...
2025-04-20 00:53:53,563 [INFO ] [WorkerThread_1507242007184] [WorkerThread_1507242007184] OCR области ПОИСКА завершен. Результатов: 1
2025-04-20 00:53:53,563 [WARNI] [WorkerThread_1507242007184] [WorkerThread_1507242007184] Не найдено блоков, похожих на цену и соответствующих положению, в области поиска для 'Малая сумка'.
2025-04-20 00:53:53,563 [WARNI] [WorkerThread_1507242007184] [WorkerThread_1507242007184] Не удалось найти/распознать валидную цену для 'Малая сумка'. Действие не выполнено.
2025-04-20 00:53:53,776 [INFO ] [WorkerThread_1507242007184] [WorkerThread_1507242007184] Шаблон 'Малая сумка' найден с уверенностью 1.00 на (1027, 430).
2025-04-20 00:53:53,776 [INFO ] [WorkerThread_1507242007184] [WorkerThread_1507242007184] [Цена 'Малая сумка'] Debug ПОИСКОВАЯ область рассчитана: Глобальные (1786,640), Размер (200x40).
2025-04-20 00:53:53,777 [INFO ] [WorkerThread_1507242007184] [WorkerThread_1507242007184] [Цена 'Малая сумка'] Debug ПОИСКОВАЯ область сохранена: C:\Users\Gream\Desktop\PythonProject\_debug_price_roi.png
2025-04-20 00:53:53,777 [INFO ] [WorkerThread_1507242007184] [WorkerThread_1507242007184] Запуск OCR на области ПОИСКА цены (200x40px, detail=1)...
2025-04-20 00:53:53,882 [INFO ] [WorkerThread_1507242007184] [WorkerThread_1507242007184] OCR области ПОИСКА завершен. Результатов: 1
2025-04-20 00:53:53,882 [WARNI] [WorkerThread_1507242007184] [WorkerThread_1507242007184] Не найдено блоков, похожих на цену и соответствующих положению, в области поиска для 'Малая сумка'.
2025-04-20 00:53:53,882 [WARNI] [WorkerThread_1507242007184] [WorkerThread_1507242007184] Не удалось найти/распознать валидную цену для 'Малая сумка'. Действие не выполнено.
2025-04-20 00:53:54,083 [INFO ] [WorkerThread_1507242007184] [WorkerThread_1507242007184] Шаблон 'Малая сумка' найден с уверенностью 1.00 на (1027, 430).
2025-04-20 00:53:54,083 [INFO ] [WorkerThread_1507242007184] [WorkerThread_1507242007184] [Цена 'Малая сумка'] Debug ПОИСКОВАЯ область рассчитана: Глобальные (1786,640), Размер (200x40).
2025-04-20 00:53:54,084 [INFO ] [WorkerThread_1507242007184] [WorkerThread_1507242007184] [Цена 'Малая сумка'] Debug ПОИСКОВАЯ область сохранена: C:\Users\Gream\Desktop\PythonProject\_debug_price_roi.png
2025-04-20 00:53:54,084 [INFO ] [WorkerThread_1507242007184] [WorkerThread_1507242007184] Запуск OCR на области ПОИСКА цены (200x40px, detail=1)...
2025-04-20 00:53:54,181 [INFO ] [WorkerThread_1507242007184] [WorkerThread_1507242007184] OCR области ПОИСКА завершен. Результатов: 1
2025-04-20 00:53:54,181 [WARNI] [WorkerThread_1507242007184] [WorkerThread_1507242007184] Не найдено блоков, похожих на цену и соответствующих положению, в области поиска для 'Малая сумка'.
2025-04-20 00:53:54,181 [WARNI] [WorkerThread_1507242007184] [WorkerThread_1507242007184] Не удалось найти/распознать валидную цену для 'Малая сумка'. Действие не выполнено.
2025-04-20 00:53:54,378 [INFO ] [WorkerThread_1507242007184] [WorkerThread_1507242007184] Шаблон 'Малая сумка' найден с уверенностью 1.00 на (1027, 430).
2025-04-20 00:53:54,378 [INFO ] [WorkerThread_1507242007184] [WorkerThread_1507242007184] [Цена 'Малая сумка'] Debug ПОИСКОВАЯ область рассчитана: Глобальные (1786,640), Размер (200x40).
2025-04-20 00:53:54,379 [INFO ] [WorkerThread_1507242007184] [WorkerThread_1507242007184] [Цена 'Малая сумка'] Debug ПОИСКОВАЯ область сохранена: C:\Users\Gream\Desktop\PythonProject\_debug_price_roi.png
2025-04-20 00:53:54,379 [INFO ] [WorkerThread_1507242007184] [WorkerThread_1507242007184] Запуск OCR на области ПОИСКА цены (200x40px, detail=1)...
2025-04-20 00:53:54,475 [INFO ] [WorkerThread_1507242007184] [WorkerThread_1507242007184] OCR области ПОИСКА завершен. Результатов: 1
2025-04-20 00:53:54,475 [WARNI] [WorkerThread_1507242007184] [WorkerThread_1507242007184] Не найдено блоков, похожих на цену и соответствующих положению, в области поиска для 'Малая сумка'.
2025-04-20 00:53:54,475 [WARNI] [WorkerThread_1507242007184] [WorkerThread_1507242007184] Не удалось найти/распознать валидную цену для 'Малая сумка'. Действие не выполнено.
2025-04-20 00:53:54,682 [INFO ] [WorkerThread_1507242007184] [WorkerThread_1507242007184] Шаблон 'Малая сумка' найден с уверенностью 1.00 на (1027, 430).
2025-04-20 00:53:54,683 [INFO ] [WorkerThread_1507242007184] [WorkerThread_1507242007184] [Цена 'Малая сумка'] Debug ПОИСКОВАЯ область рассчитана: Глобальные (1786,640), Размер (200x40).
2025-04-20 00:53:54,683 [INFO ] [WorkerThread_1507242007184] [WorkerThread_1507242007184] [Цена 'Малая сумка'] Debug ПОИСКОВАЯ область сохранена: C:\Users\Gream\Desktop\PythonProject\_debug_price_roi.png
2025-04-20 00:53:54,683 [INFO ] [WorkerThread_1507242007184] [WorkerThread_1507242007184] Запуск OCR на области ПОИСКА цены (200x40px, detail=1)...
2025-04-20 00:53:54,778 [INFO ] [WorkerThread_1507242007184] [WorkerThread_1507242007184] OCR области ПОИСКА завершен. Результатов: 1
2025-04-20 00:53:54,778 [WARNI] [WorkerThread_1507242007184] [WorkerThread_1507242007184] Не найдено блоков, похожих на цену и соответствующих положению, в области поиска для 'Малая сумка'.
2025-04-20 00:53:54,778 [WARNI] [WorkerThread_1507242007184] [WorkerThread_1507242007184] Не удалось найти/распознать валидную цену для 'Малая сумка'. Действие не выполнено.
2025-04-20 00:53:54,968 [INFO ] [WorkerThread_1507242007184] [WorkerThread_1507242007184] Шаблон 'Малая сумка' найден с уверенностью 1.00 на (1027, 430).
2025-04-20 00:53:54,968 [INFO ] [WorkerThread_1507242007184] [WorkerThread_1507242007184] [Цена 'Малая сумка'] Debug ПОИСКОВАЯ область рассчитана: Глобальные (1786,640), Размер (200x40).
2025-04-20 00:53:54,969 [INFO ] [WorkerThread_1507242007184] [WorkerThread_1507242007184] [Цена 'Малая сумка'] Debug ПОИСКОВАЯ область сохранена: C:\Users\Gream\Desktop\PythonProject\_debug_price_roi.png
2025-04-20 00:53:54,969 [INFO ] [WorkerThread_1507242007184] [WorkerThread_1507242007184] Запуск OCR на области ПОИСКА цены (200x40px, detail=1)...
2025-04-20 00:53:55,065 [INFO ] [WorkerThread_1507242007184] [WorkerThread_1507242007184] OCR области ПОИСКА завершен. Результатов: 1
2025-04-20 00:53:55,065 [WARNI] [WorkerThread_1507242007184] [WorkerThread_1507242007184] Не найдено блоков, похожих на цену и соответствующих положению, в области поиска для 'Малая сумка'.
2025-04-20 00:53:55,065 [WARNI] [WorkerThread_1507242007184] [WorkerThread_1507242007184] Не удалось найти/распознать валидную цену для 'Малая сумка'. Действие не выполнено.
2025-04-20 00:53:55,271 [INFO ] [WorkerThread_1507242007184] [WorkerThread_1507242007184] Шаблон 'Малая сумка' найден с уверенностью 1.00 на (1027, 430).
2025-04-20 00:53:55,271 [INFO ] [WorkerThread_1507242007184] [WorkerThread_1507242007184] [Цена 'Малая сумка'] Debug ПОИСКОВАЯ область рассчитана: Глобальные (1786,640), Размер (200x40).
2025-04-20 00:53:55,272 [INFO ] [WorkerThread_1507242007184] [WorkerThread_1507242007184] [Цена 'Малая сумка'] Debug ПОИСКОВАЯ область сохранена: C:\Users\Gream\Desktop\PythonProject\_debug_price_roi.png
2025-04-20 00:53:55,272 [INFO ] [WorkerThread_1507242007184] [WorkerThread_1507242007184] Запуск OCR на области ПОИСКА цены (200x40px, detail=1)...
2025-04-20 00:53:55,367 [INFO ] [WorkerThread_1507242007184] [WorkerThread_1507242007184] OCR области ПОИСКА завершен. Результатов: 1
2025-04-20 00:53:55,367 [WARNI] [WorkerThread_1507242007184] [WorkerThread_1507242007184] Не найдено блоков, похожих на цену и соответствующих положению, в области поиска для 'Малая сумка'.
2025-04-20 00:53:55,367 [WARNI] [WorkerThread_1507242007184] [WorkerThread_1507242007184] Не удалось найти/распознать валидную цену для 'Малая сумка'. Действие не выполнено.
2025-04-20 00:53:55,576 [INFO ] [WorkerThread_1507242007184] [WorkerThread_1507242007184] Шаблон 'Малая сумка' найден с уверенностью 1.00 на (1027, 430).
2025-04-20 00:53:55,576 [INFO ] [WorkerThread_1507242007184] [WorkerThread_1507242007184] [Цена 'Малая сумка'] Debug ПОИСКОВАЯ область рассчитана: Глобальные (1786,640), Размер (200x40).
2025-04-20 00:53:55,577 [INFO ] [WorkerThread_1507242007184] [WorkerThread_1507242007184] [Цена 'Малая сумка'] Debug ПОИСКОВАЯ область сохранена: C:\Users\Gream\Desktop\PythonProject\_debug_price_roi.png
2025-04-20 00:53:55,577 [INFO ] [WorkerThread_1507242007184] [WorkerThread_1507242007184] Запуск OCR на области ПОИСКА цены (200x40px, detail=1)...
2025-04-20 00:53:55,673 [INFO ] [WorkerThread_1507242007184] [WorkerThread_1507242007184] OCR области ПОИСКА завершен. Результатов: 1
2025-04-20 00:53:55,673 [WARNI] [WorkerThread_1507242007184] [WorkerThread_1507242007184] Не найдено блоков, похожих на цену и соответствующих положению, в области поиска для 'Малая сумка'.
2025-04-20 00:53:55,673 [WARNI] [WorkerThread_1507242007184] [WorkerThread_1507242007184] Не удалось найти/распознать валидную цену для 'Малая сумка'. Действие не выполнено.
2025-04-20 00:53:55,886 [INFO ] [WorkerThread_1507242007184] [WorkerThread_1507242007184] Шаблон 'Малая сумка' найден с уверенностью 1.00 на (1027, 430).
2025-04-20 00:53:55,887 [INFO ] [WorkerThread_1507242007184] [WorkerThread_1507242007184] [Цена 'Малая сумка'] Debug ПОИСКОВАЯ область рассчитана: Глобальные (1786,640), Размер (200x40).
2025-04-20 00:53:55,887 [INFO ] [WorkerThread_1507242007184] [WorkerThread_1507242007184] [Цена 'Малая сумка'] Debug ПОИСКОВАЯ область сохранена: C:\Users\Gream\Desktop\PythonProject\_debug_price_roi.png
2025-04-20 00:53:55,888 [INFO ] [WorkerThread_1507242007184] [WorkerThread_1507242007184] Запуск OCR на области ПОИСКА цены (200x40px, detail=1)...
2025-04-20 00:53:55,990 [INFO ] [WorkerThread_1507242007184] [WorkerThread_1507242007184] OCR области ПОИСКА завершен. Результатов: 1
2025-04-20 00:53:55,990 [WARNI] [WorkerThread_1507242007184] [WorkerThread_1507242007184] Не найдено блоков, похожих на цену и соответствующих положению, в области поиска для 'Малая сумка'.
2025-04-20 00:53:55,990 [WARNI] [WorkerThread_1507242007184] [WorkerThread_1507242007184] Не удалось найти/распознать валидную цену для 'Малая сумка'. Действие не выполнено.
2025-04-20 00:53:56,199 [INFO ] [WorkerThread_1507242007184] [WorkerThread_1507242007184] Шаблон 'Малая сумка' найден с уверенностью 1.00 на (1027, 430).
2025-04-20 00:53:56,199 [INFO ] [WorkerThread_1507242007184] [WorkerThread_1507242007184] [Цена 'Малая сумка'] Debug ПОИСКОВАЯ область рассчитана: Глобальные (1786,640), Размер (200x40).
2025-04-20 00:53:56,199 [INFO ] [WorkerThread_1507242007184] [WorkerThread_1507242007184] [Цена 'Малая сумка'] Debug ПОИСКОВАЯ область сохранена: C:\Users\Gream\Desktop\PythonProject\_debug_price_roi.png
2025-04-20 00:53:56,200 [INFO ] [WorkerThread_1507242007184] [WorkerThread_1507242007184] Запуск OCR на области ПОИСКА цены (200x40px, detail=1)...
2025-04-20 00:53:56,296 [INFO ] [WorkerThread_1507242007184] [WorkerThread_1507242007184] OCR области ПОИСКА завершен. Результатов: 1
2025-04-20 00:53:56,296 [WARNI] [WorkerThread_1507242007184] [WorkerThread_1507242007184] Не найдено блоков, похожих на цену и соответствующих положению, в области поиска для 'Малая сумка'.
2025-04-20 00:53:56,296 [WARNI] [WorkerThread_1507242007184] [WorkerThread_1507242007184] Не удалось найти/распознать валидную цену для 'Малая сумка'. Действие не выполнено.
2025-04-20 00:53:56,490 [INFO ] [WorkerThread_1507242007184] [WorkerThread_1507242007184] Шаблон 'Малая сумка' найден с уверенностью 1.00 на (1027, 430).
2025-04-20 00:53:56,490 [INFO ] [WorkerThread_1507242007184] [WorkerThread_1507242007184] [Цена 'Малая сумка'] Debug ПОИСКОВАЯ область рассчитана: Глобальные (1786,640), Размер (200x40).
2025-04-20 00:53:56,490 [INFO ] [WorkerThread_1507242007184] [WorkerThread_1507242007184] [Цена 'Малая сумка'] Debug ПОИСКОВАЯ область сохранена: C:\Users\Gream\Desktop\PythonProject\_debug_price_roi.png
2025-04-20 00:53:56,490 [INFO ] [WorkerThread_1507242007184] [WorkerThread_1507242007184] Запуск OCR на области ПОИСКА цены (200x40px, detail=1)...
2025-04-20 00:53:56,590 [INFO ] [WorkerThread_1507242007184] [WorkerThread_1507242007184] OCR области ПОИСКА завершен. Результатов: 1
2025-04-20 00:53:56,590 [WARNI] [WorkerThread_1507242007184] [WorkerThread_1507242007184] Не найдено блоков, похожих на цену и соответствующих положению, в области поиска для 'Малая сумка'.
2025-04-20 00:53:56,590 [WARNI] [WorkerThread_1507242007184] [WorkerThread_1507242007184] Не удалось найти/распознать валидную цену для 'Малая сумка'. Действие не выполнено.
2025-04-20 00:53:56,662 [INFO ] [WorkerThread_1507242007184] [WorkerThread_1507242007184] Ничего не найдено/куплено за долгий период. Попытка обновить список в игре.
2025-04-20 00:53:56,662 [INFO ] [WorkerThread_1507242007184] [WorkerThread_1507242007184] Клик по кнопке 'Обновить' (385,182).
2025-04-20 00:53:57,872 [INFO ] [WorkerThread_1507242007184] [WorkerThread_1507242007184] Шаблон 'Малая сумка' найден с уверенностью 1.00 на (1027, 430).
2025-04-20 00:53:57,872 [INFO ] [WorkerThread_1507242007184] [WorkerThread_1507242007184] [Цена 'Малая сумка'] Debug ПОИСКОВАЯ область рассчитана: Глобальные (1786,640), Размер (200x40).
2025-04-20 00:53:57,873 [INFO ] [WorkerThread_1507242007184] [WorkerThread_1507242007184] [Цена 'Малая сумка'] Debug ПОИСКОВАЯ область сохранена: C:\Users\Gream\Desktop\PythonProject\_debug_price_roi.png
2025-04-20 00:53:57,873 [INFO ] [WorkerThread_1507242007184] [WorkerThread_1507242007184] Запуск OCR на области ПОИСКА цены (200x40px, detail=1)...
2025-04-20 00:53:57,959 [INFO ] [WorkerThread_1507242007184] [WorkerThread_1507242007184] OCR области ПОИСКА завершен. Результатов: 1
2025-04-20 00:53:57,959 [WARNI] [WorkerThread_1507242007184] [WorkerThread_1507242007184] Не найдено блоков, похожих на цену и соответствующих положению, в области поиска для 'Малая сумка'.
2025-04-20 00:53:57,959 [WARNI] [WorkerThread_1507242007184] [WorkerThread_1507242007184] Не удалось найти/распознать валидную цену для 'Малая сумка'. Действие не выполнено.
2025-04-20 00:53:58,146 [INFO ] [WorkerThread_1507242007184] [WorkerThread_1507242007184] Шаблон 'Малая сумка' найден с уверенностью 1.00 на (1027, 430).
2025-04-20 00:53:58,146 [INFO ] [WorkerThread_1507242007184] [WorkerThread_1507242007184] [Цена 'Малая сумка'] Debug ПОИСКОВАЯ область рассчитана: Глобальные (1786,640), Размер (200x40).
2025-04-20 00:53:58,147 [INFO ] [WorkerThread_1507242007184] [WorkerThread_1507242007184] [Цена 'Малая сумка'] Debug ПОИСКОВАЯ область сохранена: C:\Users\Gream\Desktop\PythonProject\_debug_price_roi.png
2025-04-20 00:53:58,147 [INFO ] [WorkerThread_1507242007184] [WorkerThread_1507242007184] Запуск OCR на области ПОИСКА цены (200x40px, detail=1)...
2025-04-20 00:53:58,236 [INFO ] [WorkerThread_1507242007184] [WorkerThread_1507242007184] OCR области ПОИСКА завершен. Результатов: 1
2025-04-20 00:53:58,237 [WARNI] [WorkerThread_1507242007184] [WorkerThread_1507242007184] Не найдено блоков, похожих на цену и соответствующих положению, в области поиска для 'Малая сумка'.
2025-04-20 00:53:58,237 [WARNI] [WorkerThread_1507242007184] [WorkerThread_1507242007184] Не удалось найти/распознать валидную цену для 'Малая сумка'. Действие не выполнено.
2025-04-20 00:53:58,351 [INFO ] [MainThread] --- Запуск очистки BotLogic ---
2025-04-20 00:53:58,351 [INFO ] [MainThread] Сохранение данных о товарах...
2025-04-20 00:53:58,351 [INFO ] [MainThread] Сохранение данных о товарах в файл: C:\Users\Gream\Desktop\PythonProject\market_items.json
2025-04-20 00:53:58,352 [INFO ] [MainThread] Данные успешно сохранены в 'market_items.json'.
2025-04-20 00:53:58,352 [INFO ] [MainThread] Данные о товарах сохранены.
2025-04-20 00:53:58,352 [INFO ] [MainThread] Отключение глобальных горячих клавиш...
2025-04-20 00:53:58,352 [INFO ] [MainThread] Глобальные хоткеи отключены.
2025-04-20 00:53:58,352 [INFO ] [MainThread] Мониторинг активен при закрытии. Запрашиваем остановку Worker'а...
2025-04-20 00:53:58,353 [INFO ] [MainThread] --- Запрос на остановку мониторинга ---
2025-04-20 00:53:58,353 [INFO ] [MainThread] Отправка команды остановки Worker'у (ID: WorkerThread_1507242007184)...
2025-04-20 00:53:58,355 [INFO ] [MainThread] Команда worker.stop() отправлена в очередь Worker'а.
2025-04-20 00:53:58,355 [INFO ] [MainThread] Ожидание завершения потока Worker'а 'MonitoringWorkerThread' (3000 мс)...
2025-04-20 00:53:58,412 [INFO ] [WorkerThread_1507242007184] [WorkerThread_1507242007184] Шаблон 'Малая сумка' найден с уверенностью 1.00 на (1027, 430).
2025-04-20 00:53:58,412 [INFO ] [WorkerThread_1507242007184] [WorkerThread_1507242007184] [Цена 'Малая сумка'] Debug ПОИСКОВАЯ область рассчитана: Глобальные (1786,640), Размер (200x40).
2025-04-20 00:53:58,413 [INFO ] [WorkerThread_1507242007184] [WorkerThread_1507242007184] [Цена 'Малая сумка'] Debug ПОИСКОВАЯ область сохранена: C:\Users\Gream\Desktop\PythonProject\_debug_price_roi.png
2025-04-20 00:53:58,413 [INFO ] [WorkerThread_1507242007184] [WorkerThread_1507242007184] Запуск OCR на области ПОИСКА цены (200x40px, detail=1)...
2025-04-20 00:53:58,502 [INFO ] [WorkerThread_1507242007184] [WorkerThread_1507242007184] OCR области ПОИСКА завершен. Результатов: 1
2025-04-20 00:53:58,502 [WARNI] [WorkerThread_1507242007184] [WorkerThread_1507242007184] Не найдено блоков, похожих на цену и соответствующих положению, в области поиска для 'Малая сумка'.
2025-04-20 00:53:58,502 [WARNI] [WorkerThread_1507242007184] [WorkerThread_1507242007184] Не удалось найти/распознать валидную цену для 'Малая сумка'. Действие не выполнено.
2025-04-20 00:53:58,690 [INFO ] [WorkerThread_1507242007184] [WorkerThread_1507242007184] Шаблон 'Малая сумка' найден с уверенностью 1.00 на (1027, 430).
2025-04-20 00:53:58,691 [INFO ] [WorkerThread_1507242007184] [WorkerThread_1507242007184] [Цена 'Малая сумка'] Debug ПОИСКОВАЯ область рассчитана: Глобальные (1786,640), Размер (200x40).
2025-04-20 00:53:58,691 [INFO ] [WorkerThread_1507242007184] [WorkerThread_1507242007184] [Цена 'Малая сумка'] Debug ПОИСКОВАЯ область сохранена: C:\Users\Gream\Desktop\PythonProject\_debug_price_roi.png
2025-04-20 00:53:58,691 [INFO ] [WorkerThread_1507242007184] [WorkerThread_1507242007184] Запуск OCR на области ПОИСКА цены (200x40px, detail=1)...
2025-04-20 00:53:58,783 [INFO ] [WorkerThread_1507242007184] [WorkerThread_1507242007184] OCR области ПОИСКА завершен. Результатов: 1
2025-04-20 00:53:58,783 [WARNI] [WorkerThread_1507242007184] [WorkerThread_1507242007184] Не найдено блоков, похожих на цену и соответствующих положению, в области поиска для 'Малая сумка'.
2025-04-20 00:53:58,783 [WARNI] [WorkerThread_1507242007184] [WorkerThread_1507242007184] Не удалось найти/распознать валидную цену для 'Малая сумка'. Действие не выполнено.
2025-04-20 00:53:58,987 [INFO ] [WorkerThread_1507242007184] [WorkerThread_1507242007184] Шаблон 'Малая сумка' найден с уверенностью 1.00 на (1027, 430).
2025-04-20 00:53:58,987 [INFO ] [WorkerThread_1507242007184] [WorkerThread_1507242007184] [Цена 'Малая сумка'] Debug ПОИСКОВАЯ область рассчитана: Глобальные (1786,640), Размер (200x40).
2025-04-20 00:53:58,988 [INFO ] [WorkerThread_1507242007184] [WorkerThread_1507242007184] [Цена 'Малая сумка'] Debug ПОИСКОВАЯ область сохранена: C:\Users\Gream\Desktop\PythonProject\_debug_price_roi.png
2025-04-20 00:53:58,988 [INFO ] [WorkerThread_1507242007184] [WorkerThread_1507242007184] Запуск OCR на области ПОИСКА цены (200x40px, detail=1)...
2025-04-20 00:53:59,080 [INFO ] [WorkerThread_1507242007184] [WorkerThread_1507242007184] OCR области ПОИСКА завершен. Результатов: 1
2025-04-20 00:53:59,080 [WARNI] [WorkerThread_1507242007184] [WorkerThread_1507242007184] Не найдено блоков, похожих на цену и соответствующих положению, в области поиска для 'Малая сумка'.
2025-04-20 00:53:59,080 [WARNI] [WorkerThread_1507242007184] [WorkerThread_1507242007184] Не удалось найти/распознать валидную цену для 'Малая сумка'. Действие не выполнено.
2025-04-20 00:53:59,267 [INFO ] [WorkerThread_1507242007184] [WorkerThread_1507242007184] Шаблон 'Малая сумка' найден с уверенностью 1.00 на (1027, 430).
2025-04-20 00:53:59,267 [INFO ] [WorkerThread_1507242007184] [WorkerThread_1507242007184] [Цена 'Малая сумка'] Debug ПОИСКОВАЯ область рассчитана: Глобальные (1786,640), Размер (200x40).
2025-04-20 00:53:59,268 [INFO ] [WorkerThread_1507242007184] [WorkerThread_1507242007184] [Цена 'Малая сумка'] Debug ПОИСКОВАЯ область сохранена: C:\Users\Gream\Desktop\PythonProject\_debug_price_roi.png
2025-04-20 00:53:59,268 [INFO ] [WorkerThread_1507242007184] [WorkerThread_1507242007184] Запуск OCR на области ПОИСКА цены (200x40px, detail=1)...
2025-04-20 00:53:59,359 [INFO ] [WorkerThread_1507242007184] [WorkerThread_1507242007184] OCR области ПОИСКА завершен. Результатов: 1
2025-04-20 00:53:59,359 [WARNI] [WorkerThread_1507242007184] [WorkerThread_1507242007184] Не найдено блоков, похожих на цену и соответствующих положению, в области поиска для 'Малая сумка'.
2025-04-20 00:53:59,359 [WARNI] [WorkerThread_1507242007184] [WorkerThread_1507242007184] Не удалось найти/распознать валидную цену для 'Малая сумка'. Действие не выполнено.
2025-04-20 00:53:59,550 [INFO ] [WorkerThread_1507242007184] [WorkerThread_1507242007184] Шаблон 'Малая сумка' найден с уверенностью 1.00 на (1027, 430).
2025-04-20 00:53:59,550 [INFO ] [WorkerThread_1507242007184] [WorkerThread_1507242007184] [Цена 'Малая сумка'] Debug ПОИСКОВАЯ область рассчитана: Глобальные (1786,640), Размер (200x40).
2025-04-20 00:53:59,551 [INFO ] [WorkerThread_1507242007184] [WorkerThread_1507242007184] [Цена 'Малая сумка'] Debug ПОИСКОВАЯ область сохранена: C:\Users\Gream\Desktop\PythonProject\_debug_price_roi.png
2025-04-20 00:53:59,551 [INFO ] [WorkerThread_1507242007184] [WorkerThread_1507242007184] Запуск OCR на области ПОИСКА цены (200x40px, detail=1)...
2025-04-20 00:53:59,643 [INFO ] [WorkerThread_1507242007184] [WorkerThread_1507242007184] OCR области ПОИСКА завершен. Результатов: 1
2025-04-20 00:53:59,644 [WARNI] [WorkerThread_1507242007184] [WorkerThread_1507242007184] Не найдено блоков, похожих на цену и соответствующих положению, в области поиска для 'Малая сумка'.
2025-04-20 00:53:59,644 [WARNI] [WorkerThread_1507242007184] [WorkerThread_1507242007184] Не удалось найти/распознать валидную цену для 'Малая сумка'. Действие не выполнено.
2025-04-20 00:53:59,839 [INFO ] [WorkerThread_1507242007184] [WorkerThread_1507242007184] Шаблон 'Малая сумка' найден с уверенностью 1.00 на (1027, 430).
2025-04-20 00:53:59,839 [INFO ] [WorkerThread_1507242007184] [WorkerThread_1507242007184] [Цена 'Малая сумка'] Debug ПОИСКОВАЯ область рассчитана: Глобальные (1786,640), Размер (200x40).
2025-04-20 00:53:59,839 [INFO ] [WorkerThread_1507242007184] [WorkerThread_1507242007184] [Цена 'Малая сумка'] Debug ПОИСКОВАЯ область сохранена: C:\Users\Gream\Desktop\PythonProject\_debug_price_roi.png
2025-04-20 00:53:59,839 [INFO ] [WorkerThread_1507242007184] [WorkerThread_1507242007184] Запуск OCR на области ПОИСКА цены (200x40px, detail=1)...
2025-04-20 00:53:59,933 [INFO ] [WorkerThread_1507242007184] [WorkerThread_1507242007184] OCR области ПОИСКА завершен. Результатов: 1
2025-04-20 00:53:59,934 [WARNI] [WorkerThread_1507242007184] [WorkerThread_1507242007184] Не найдено блоков, похожих на цену и соответствующих положению, в области поиска для 'Малая сумка'.
2025-04-20 00:53:59,934 [WARNI] [WorkerThread_1507242007184] [WorkerThread_1507242007184] Не удалось найти/распознать валидную цену для 'Малая сумка'. Действие не выполнено.
2025-04-20 00:54:00,114 [INFO ] [WorkerThread_1507242007184] [WorkerThread_1507242007184] Шаблон 'Малая сумка' найден с уверенностью 1.00 на (1027, 430).
2025-04-20 00:54:00,114 [INFO ] [WorkerThread_1507242007184] [WorkerThread_1507242007184] [Цена 'Малая сумка'] Debug ПОИСКОВАЯ область рассчитана: Глобальные (1786,640), Размер (200x40).
2025-04-20 00:54:00,115 [INFO ] [WorkerThread_1507242007184] [WorkerThread_1507242007184] [Цена 'Малая сумка'] Debug ПОИСКОВАЯ область сохранена: C:\Users\Gream\Desktop\PythonProject\_debug_price_roi.png
2025-04-20 00:54:00,115 [INFO ] [WorkerThread_1507242007184] [WorkerThread_1507242007184] Запуск OCR на области ПОИСКА цены (200x40px, detail=1)...
2025-04-20 00:54:00,202 [INFO ] [WorkerThread_1507242007184] [WorkerThread_1507242007184] OCR области ПОИСКА завершен. Результатов: 1
2025-04-20 00:54:00,203 [WARNI] [WorkerThread_1507242007184] [WorkerThread_1507242007184] Не найдено блоков, похожих на цену и соответствующих положению, в области поиска для 'Малая сумка'.
2025-04-20 00:54:00,203 [WARNI] [WorkerThread_1507242007184] [WorkerThread_1507242007184] Не удалось найти/распознать валидную цену для 'Малая сумка'. Действие не выполнено.
2025-04-20 00:54:00,393 [INFO ] [WorkerThread_1507242007184] [WorkerThread_1507242007184] Шаблон 'Малая сумка' найден с уверенностью 1.00 на (1027, 430).
2025-04-20 00:54:00,393 [INFO ] [WorkerThread_1507242007184] [WorkerThread_1507242007184] [Цена 'Малая сумка'] Debug ПОИСКОВАЯ область рассчитана: Глобальные (1786,640), Размер (200x40).
2025-04-20 00:54:00,394 [INFO ] [WorkerThread_1507242007184] [WorkerThread_1507242007184] [Цена 'Малая сумка'] Debug ПОИСКОВАЯ область сохранена: C:\Users\Gream\Desktop\PythonProject\_debug_price_roi.png
2025-04-20 00:54:00,394 [INFO ] [WorkerThread_1507242007184] [WorkerThread_1507242007184] Запуск OCR на области ПОИСКА цены (200x40px, detail=1)...
2025-04-20 00:54:00,487 [INFO ] [WorkerThread_1507242007184] [WorkerThread_1507242007184] OCR области ПОИСКА завершен. Результатов: 1
2025-04-20 00:54:00,487 [WARNI] [WorkerThread_1507242007184] [WorkerThread_1507242007184] Не найдено блоков, похожих на цену и соответствующих положению, в области поиска для 'Малая сумка'.
2025-04-20 00:54:00,487 [WARNI] [WorkerThread_1507242007184] [WorkerThread_1507242007184] Не удалось найти/распознать валидную цену для 'Малая сумка'. Действие не выполнено.
2025-04-20 00:54:00,700 [INFO ] [WorkerThread_1507242007184] [WorkerThread_1507242007184] Шаблон 'Малая сумка' найден с уверенностью 1.00 на (1027, 430).
2025-04-20 00:54:00,700 [INFO ] [WorkerThread_1507242007184] [WorkerThread_1507242007184] [Цена 'Малая сумка'] Debug ПОИСКОВАЯ область рассчитана: Глобальные (1786,640), Размер (200x40).
2025-04-20 00:54:00,701 [INFO ] [WorkerThread_1507242007184] [WorkerThread_1507242007184] [Цена 'Малая сумка'] Debug ПОИСКОВАЯ область сохранена: C:\Users\Gream\Desktop\PythonProject\_debug_price_roi.png
2025-04-20 00:54:00,701 [INFO ] [WorkerThread_1507242007184] [WorkerThread_1507242007184] Запуск OCR на области ПОИСКА цены (200x40px, detail=1)...
2025-04-20 00:54:00,794 [INFO ] [WorkerThread_1507242007184] [WorkerThread_1507242007184] OCR области ПОИСКА завершен. Результатов: 1
2025-04-20 00:54:00,795 [WARNI] [WorkerThread_1507242007184] [WorkerThread_1507242007184] Не найдено блоков, похожих на цену и соответствующих положению, в области поиска для 'Малая сумка'.
2025-04-20 00:54:00,795 [WARNI] [WorkerThread_1507242007184] [WorkerThread_1507242007184] Не удалось найти/распознать валидную цену для 'Малая сумка'. Действие не выполнено.
2025-04-20 00:54:01,004 [INFO ] [WorkerThread_1507242007184] [WorkerThread_1507242007184] Шаблон 'Малая сумка' найден с уверенностью 1.00 на (1027, 430).
2025-04-20 00:54:01,004 [INFO ] [WorkerThread_1507242007184] [WorkerThread_1507242007184] [Цена 'Малая сумка'] Debug ПОИСКОВАЯ область рассчитана: Глобальные (1786,640), Размер (200x40).
2025-04-20 00:54:01,005 [INFO ] [WorkerThread_1507242007184] [WorkerThread_1507242007184] [Цена 'Малая сумка'] Debug ПОИСКОВАЯ область сохранена: C:\Users\Gream\Desktop\PythonProject\_debug_price_roi.png
2025-04-20 00:54:01,005 [INFO ] [WorkerThread_1507242007184] [WorkerThread_1507242007184] Запуск OCR на области ПОИСКА цены (200x40px, detail=1)...
2025-04-20 00:54:01,143 [INFO ] [WorkerThread_1507242007184] [WorkerThread_1507242007184] OCR области ПОИСКА завершен. Результатов: 1
2025-04-20 00:54:01,143 [WARNI] [WorkerThread_1507242007184] [WorkerThread_1507242007184] Не найдено блоков, похожих на цену и соответствующих положению, в области поиска для 'Малая сумка'.
2025-04-20 00:54:01,143 [WARNI] [WorkerThread_1507242007184] [WorkerThread_1507242007184] Не удалось найти/распознать валидную цену для 'Малая сумка'. Действие не выполнено.
2025-04-20 00:54:01,363 [CRITI] [MainThread] !!! Поток Worker не завершился штатно в отведенное время!
2025-04-20 00:54:01,363 [INFO ] [MainThread] Закрытие основного экземпляра MSS...
2025-04-20 00:54:01,363 [INFO ] [MainThread] Основной MSS закрыт.
2025-04-20 00:54:01,363 [INFO ] [MainThread] Освобождение EasyOCR Reader...
2025-04-20 00:54:01,363 [INFO ] [MainThread] EasyOCR Reader освобожден.
2025-04-20 00:54:01,364 [INFO ] [MainThread] --- Очистка BotLogic завершена ---
